This file contains any messages produced by compilers while
running configure, to aid debugging if configure makes a mistake.

It was created by argp configure standalone-1.3, which was
generated by GNU Autoconf 2.63.  Invocation command line was

  $ ./configure --disable-option-checking --prefix=/usr/local --enable-fusermount --cache-file=/dev/null --srcdir=.

## --------- ##
## Platform. ##
## --------- ##

hostname = build.gluster.org
uname -m = x86_64
uname -r = 2.6.32-573.8.1.el6.x86_64
uname -s = Linux
uname -v = #1 SMP Tue Nov 10 18:01:38 UTC 2015

/usr/bin/uname -p = unknown
/bin/uname -X     = unknown

/bin/arch              = x86_64
/usr/bin/arch -k       = unknown
/usr/convex/getsysinfo = unknown
/usr/bin/hostinfo      = unknown
/bin/machine           = unknown
/usr/bin/oslevel       = unknown
/bin/universe          = unknown

PATH: /usr/lib/jvm/java-1.6.0-openjdk-1.6.0.0.x86_64/bin
PATH: /usr/lib/jvm/java-1.6.0-openjdk-1.6.0.0.x86_64/bin
PATH: /sbin
PATH: /usr/sbin
PATH: /bin
PATH: /usr/bin


## ----------- ##
## Core tests. ##
## ----------- ##

configure:1879: checking for a BSD-compatible install
configure:1947: result: /usr/bin/install -c
configure:1958: checking whether build environment is sane
configure:2018: result: yes
configure:2159: checking for a thread-safe mkdir -p
configure:2198: result: /bin/mkdir -p
configure:2211: checking for gawk
configure:2227: found /bin/gawk
configure:2238: result: gawk
configure:2249: checking whether make sets $(MAKE)
configure:2271: result: yes
configure:2385: checking for style of include used by make
configure:2413: result: GNU
configure:2483: checking for gcc
configure:2499: found /usr/bin/gcc
configure:2510: result: gcc
configure:2742: checking for C compiler version
configure:2750: gcc --version >&5
gcc (GCC) 4.4.7 20120313 (Red Hat 4.4.7-16)
Copyright (C) 2010 Free Software Foundation, Inc.
This is free software; see the source for copying conditions.  There is NO
warranty; not even for MERCHANTABILITY or FITNESS FOR A PARTICULAR PURPOSE.

configure:2754: $? = 0
configure:2761: gcc -v >&5
Using built-in specs.
Target: x86_64-redhat-linux
Configured with: ../configure --prefix=/usr --mandir=/usr/share/man --infodir=/usr/share/info --with-bugurl=http://bugzilla.redhat.com/bugzilla --enable-bootstrap --enable-shared --enable-threads=posix --enable-checking=release --with-system-zlib --enable-__cxa_atexit --disable-libunwind-exceptions --enable-gnu-unique-object --enable-languages=c,c++,objc,obj-c++,java,fortran,ada --enable-java-awt=gtk --disable-dssi --with-java-home=/usr/lib/jvm/java-1.5.0-gcj-1.5.0.0/jre --enable-libgcj-multifile --enable-java-maintainer-mode --with-ecj-jar=/usr/share/java/eclipse-ecj.jar --disable-libjava-multilib --with-ppl --with-cloog --with-tune=generic --with-arch_32=i686 --build=x86_64-redhat-linux
Thread model: posix
gcc version 4.4.7 20120313 (Red Hat 4.4.7-16) (GCC) 
configure:2765: $? = 0
configure:2772: gcc -V >&5
gcc: '-V' option must have argument
configure:2776: $? = 1
configure:2799: checking for C compiler default output file name
configure:2821: gcc    conftest.c  >&5
configure:2825: $? = 0
configure:2863: result: a.out
configure:2882: checking whether the C compiler works
configure:2892: ./a.out
configure:2896: $? = 0
configure:2915: result: yes
configure:2922: checking whether we are cross compiling
configure:2924: result: no
configure:2927: checking for suffix of executables
configure:2934: gcc -o conftest    conftest.c  >&5
configure:2938: $? = 0
configure:2964: result: 
configure:2970: checking for suffix of object files
configure:2996: gcc -c   conftest.c >&5
configure:3000: $? = 0
configure:3025: result: o
configure:3029: checking whether we are using the GNU C compiler
configure:3058: gcc -c   conftest.c >&5
configure:3065: $? = 0
configure:3082: result: yes
configure:3091: checking whether gcc accepts -g
configure:3121: gcc -c -g  conftest.c >&5
configure:3128: $? = 0
configure:3229: result: yes
configure:3246: checking for gcc option to accept ISO C89
configure:3320: gcc  -c -g -O2  conftest.c >&5
configure:3327: $? = 0
configure:3350: result: none needed
configure:3370: checking dependency style of gcc
configure:3480: result: gcc3
configure:3501: checking how to run the C preprocessor
configure:3541: gcc -E  conftest.c
configure:3548: $? = 0
configure:3579: gcc -E  conftest.c
conftest.c:10:28: error: ac_nonexistent.h: No such file or directory
configure:3586: $? = 1
configure: failed program was:
| /* confdefs.h.  */
| #define PACKAGE_NAME "argp"
| #define PACKAGE_TARNAME "argp"
| #define PACKAGE_VERSION "standalone-1.3"
| #define PACKAGE_STRING "argp standalone-1.3"
| #define PACKAGE_BUGREPORT ""
| #define PACKAGE "argp"
| #define VERSION "standalone-1.3"
| /* end confdefs.h.  */
| #include <ac_nonexistent.h>
configure:3619: result: gcc -E
configure:3648: gcc -E  conftest.c
configure:3655: $? = 0
configure:3686: gcc -E  conftest.c
conftest.c:10:28: error: ac_nonexistent.h: No such file or directory
configure:3693: $? = 1
configure: failed program was:
| /* confdefs.h.  */
| #define PACKAGE_NAME "argp"
| #define PACKAGE_TARNAME "argp"
| #define PACKAGE_VERSION "standalone-1.3"
| #define PACKAGE_STRING "argp standalone-1.3"
| #define PACKAGE_BUGREPORT ""
| #define PACKAGE "argp"
| #define VERSION "standalone-1.3"
| /* end confdefs.h.  */
| #include <ac_nonexistent.h>
configure:3733: checking for grep that handles long lines and -e
configure:3793: result: /bin/grep
configure:3798: checking for egrep
configure:3862: result: /bin/grep -E
configure:3867: checking for ANSI C header files
configure:3897: gcc -c -g -O2  conftest.c >&5
configure:3904: $? = 0
configure:4003: gcc -o conftest -g -O2   conftest.c  >&5
configure:4007: $? = 0
configure:4013: ./conftest
configure:4017: $? = 0
configure:4035: result: yes
configure:4059: checking for sys/types.h
configure:4080: gcc -c -g -O2  conftest.c >&5
configure:4087: $? = 0
configure:4104: result: yes
configure:4059: checking for sys/stat.h
configure:4080: gcc -c -g -O2  conftest.c >&5
configure:4087: $? = 0
configure:4104: result: yes
configure:4059: checking for stdlib.h
configure:4080: gcc -c -g -O2  conftest.c >&5
configure:4087: $? = 0
configure:4104: result: yes
configure:4059: checking for string.h
configure:4080: gcc -c -g -O2  conftest.c >&5
configure:4087: $? = 0
configure:4104: result: yes
configure:4059: checking for memory.h
configure:4080: gcc -c -g -O2  conftest.c >&5
configure:4087: $? = 0
configure:4104: result: yes
configure:4059: checking for strings.h
configure:4080: gcc -c -g -O2  conftest.c >&5
configure:4087: $? = 0
configure:4104: result: yes
configure:4059: checking for inttypes.h
configure:4080: gcc -c -g -O2  conftest.c >&5
configure:4087: $? = 0
configure:4104: result: yes
configure:4059: checking for stdint.h
configure:4080: gcc -c -g -O2  conftest.c >&5
configure:4087: $? = 0
configure:4104: result: yes
configure:4059: checking for unistd.h
configure:4080: gcc -c -g -O2  conftest.c >&5
configure:4087: $? = 0
configure:4104: result: yes
configure:4129: checking minix/config.h usability
configure:4146: gcc -c -g -O2  conftest.c >&5
conftest.c:53:26: error: minix/config.h: No such file or directory
configure:4153: $? = 1
configure: failed program was:
| /* confdefs.h.  */
| #define PACKAGE_NAME "argp"
| #define PACKAGE_TARNAME "argp"
| #define PACKAGE_VERSION "standalone-1.3"
| #define PACKAGE_STRING "argp standalone-1.3"
| #define PACKAGE_BUGREPORT ""
| #define PACKAGE "argp"
| #define VERSION "standalone-1.3"
| #define STDC_HEADERS 1
| #define HAVE_SYS_TYPES_H 1
| #define HAVE_SYS_STAT_H 1
| #define HAVE_STDLIB_H 1
| #define HAVE_STRING_H 1
| #define HAVE_MEMORY_H 1
| #define HAVE_STRINGS_H 1
| #define HAVE_INTTYPES_H 1
| #define HAVE_STDINT_H 1
| #define HAVE_UNISTD_H 1
| /* end confdefs.h.  */
| #include <stdio.h>
| #ifdef HAVE_SYS_TYPES_H
| # include <sys/types.h>
| #endif
| #ifdef HAVE_SYS_STAT_H
| # include <sys/stat.h>
| #endif
| #ifdef STDC_HEADERS
| # include <stdlib.h>
| # include <stddef.h>
| #else
| # ifdef HAVE_STDLIB_H
| #  include <stdlib.h>
| # endif
| #endif
| #ifdef HAVE_STRING_H
| # if !defined STDC_HEADERS && defined HAVE_MEMORY_H
| #  include <memory.h>
| # endif
| # include <string.h>
| #endif
| #ifdef HAVE_STRINGS_H
| # include <strings.h>
| #endif
| #ifdef HAVE_INTTYPES_H
| # include <inttypes.h>
| #endif
| #ifdef HAVE_STDINT_H
| # include <stdint.h>
| #endif
| #ifdef HAVE_UNISTD_H
| # include <unistd.h>
| #endif
| #include <minix/config.h>
configure:4167: result: no
configure:4171: checking minix/config.h presence
configure:4186: gcc -E  conftest.c
conftest.c:20:26: error: minix/config.h: No such file or directory
configure:4193: $? = 1
configure: failed program was:
| /* confdefs.h.  */
| #define PACKAGE_NAME "argp"
| #define PACKAGE_TARNAME "argp"
| #define PACKAGE_VERSION "standalone-1.3"
| #define PACKAGE_STRING "argp standalone-1.3"
| #define PACKAGE_BUGREPORT ""
| #define PACKAGE "argp"
| #define VERSION "standalone-1.3"
| #define STDC_HEADERS 1
| #define HAVE_SYS_TYPES_H 1
| #define HAVE_SYS_STAT_H 1
| #define HAVE_STDLIB_H 1
| #define HAVE_STRING_H 1
| #define HAVE_MEMORY_H 1
| #define HAVE_STRINGS_H 1
| #define HAVE_INTTYPES_H 1
| #define HAVE_STDINT_H 1
| #define HAVE_UNISTD_H 1
| /* end confdefs.h.  */
| #include <minix/config.h>
configure:4207: result: no
configure:4235: checking for minix/config.h
configure:4242: result: no
configure:4273: checking whether it is safe to define __EXTENSIONS__
configure:4301: gcc -c -g -O2  conftest.c >&5
configure:4308: $? = 0
configure:4323: result: yes
configure:4397: checking for gcc
configure:4424: result: gcc
configure:4656: checking for C compiler version
configure:4664: gcc --version >&5
gcc (GCC) 4.4.7 20120313 (Red Hat 4.4.7-16)
Copyright (C) 2010 Free Software Foundation, Inc.
This is free software; see the source for copying conditions.  There is NO
warranty; not even for MERCHANTABILITY or FITNESS FOR A PARTICULAR PURPOSE.

configure:4668: $? = 0
configure:4675: gcc -v >&5
Using built-in specs.
Target: x86_64-redhat-linux
Configured with: ../configure --prefix=/usr --mandir=/usr/share/man --infodir=/usr/share/info --with-bugurl=http://bugzilla.redhat.com/bugzilla --enable-bootstrap --enable-shared --enable-threads=posix --enable-checking=release --with-system-zlib --enable-__cxa_atexit --disable-libunwind-exceptions --enable-gnu-unique-object --enable-languages=c,c++,objc,obj-c++,java,fortran,ada --enable-java-awt=gtk --disable-dssi --with-java-home=/usr/lib/jvm/java-1.5.0-gcj-1.5.0.0/jre --enable-libgcj-multifile --enable-java-maintainer-mode --with-ecj-jar=/usr/share/java/eclipse-ecj.jar --disable-libjava-multilib --with-ppl --with-cloog --with-tune=generic --with-arch_32=i686 --build=x86_64-redhat-linux
Thread model: posix
gcc version 4.4.7 20120313 (Red Hat 4.4.7-16) (GCC) 
configure:4679: $? = 0
configure:4686: gcc -V >&5
gcc: '-V' option must have argument
configure:4690: $? = 1
configure:4693: checking whether we are using the GNU C compiler
configure:4746: result: yes
configure:4755: checking whether gcc accepts -g
configure:4893: result: yes
configure:4910: checking for gcc option to accept ISO C89
configure:5014: result: none needed
configure:5034: checking dependency style of gcc
configure:5144: result: gcc3
configure:5159: checking whether make sets $(MAKE)
configure:5181: result: yes
configure:5233: checking for ranlib
configure:5249: found /usr/bin/ranlib
configure:5260: result: ranlib
configure:5330: checking for gcc
configure:5357: result: gcc
configure:5589: checking for C compiler version
configure:5597: gcc --version >&5
gcc (GCC) 4.4.7 20120313 (Red Hat 4.4.7-16)
Copyright (C) 2010 Free Software Foundation, Inc.
This is free software; see the source for copying conditions.  There is NO
warranty; not even for MERCHANTABILITY or FITNESS FOR A PARTICULAR PURPOSE.

configure:5601: $? = 0
configure:5608: gcc -v >&5
Using built-in specs.
Target: x86_64-redhat-linux
Configured with: ../configure --prefix=/usr --mandir=/usr/share/man --infodir=/usr/share/info --with-bugurl=http://bugzilla.redhat.com/bugzilla --enable-bootstrap --enable-shared --enable-threads=posix --enable-checking=release --with-system-zlib --enable-__cxa_atexit --disable-libunwind-exceptions --enable-gnu-unique-object --enable-languages=c,c++,objc,obj-c++,java,fortran,ada --enable-java-awt=gtk --disable-dssi --with-java-home=/usr/lib/jvm/java-1.5.0-gcj-1.5.0.0/jre --enable-libgcj-multifile --enable-java-maintainer-mode --with-ecj-jar=/usr/share/java/eclipse-ecj.jar --disable-libjava-multilib --with-ppl --with-cloog --with-tune=generic --with-arch_32=i686 --build=x86_64-redhat-linux
Thread model: posix
gcc version 4.4.7 20120313 (Red Hat 4.4.7-16) (GCC) 
configure:5612: $? = 0
configure:5619: gcc -V >&5
gcc: '-V' option must have argument
configure:5623: $? = 1
configure:5626: checking whether we are using the GNU C compiler
configure:5679: result: yes
configure:5688: checking whether gcc accepts -g
configure:5826: result: yes
configure:5843: checking for gcc option to accept ISO C89
configure:5947: result: none needed
configure:5967: checking dependency style of gcc
configure:6077: result: gcc3
configure:6102: checking for ANSI C header files
configure:6270: result: yes
configure:6301: checking libintl.h usability
configure:6318: gcc -c -g -O2  conftest.c >&5
configure:6325: $? = 0
configure:6339: result: yes
configure:6343: checking libintl.h presence
configure:6358: gcc -E  conftest.c
configure:6365: $? = 0
configure:6379: result: yes
configure:6407: checking for libintl.h
configure:6416: result: yes
configure:6301: checking limits.h usability
configure:6318: gcc -c -g -O2  conftest.c >&5
configure:6325: $? = 0
configure:6339: result: yes
configure:6343: checking limits.h presence
configure:6358: gcc -E  conftest.c
configure:6365: $? = 0
configure:6379: result: yes
configure:6407: checking for limits.h
configure:6416: result: yes
configure:6301: checking malloc.h usability
configure:6318: gcc -c -g -O2  conftest.c >&5
configure:6325: $? = 0
configure:6339: result: yes
configure:6343: checking malloc.h presence
configure:6358: gcc -E  conftest.c
configure:6365: $? = 0
configure:6379: result: yes
configure:6407: checking for malloc.h
configure:6416: result: yes
configure:6290: checking for unistd.h
configure:6297: result: yes
configure:6301: checking sysexits.h usability
configure:6318: gcc -c -g -O2  conftest.c >&5
configure:6325: $? = 0
configure:6339: result: yes
configure:6343: checking sysexits.h presence
configure:6358: gcc -E  conftest.c
configure:6365: $? = 0
configure:6379: result: yes
configure:6407: checking for sysexits.h
configure:6416: result: yes
configure:6301: checking stdarg.h usability
configure:6318: gcc -c -g -O2  conftest.c >&5
configure:6325: $? = 0
configure:6339: result: yes
configure:6343: checking stdarg.h presence
configure:6358: gcc -E  conftest.c
configure:6365: $? = 0
configure:6379: result: yes
configure:6407: checking for stdarg.h
configure:6416: result: yes
configure:6433: checking for an ANSI C-conforming const
configure:6508: gcc -c -g -O2  conftest.c >&5
configure:6515: $? = 0
configure:6530: result: yes
configure:6540: checking for inline
configure:6566: gcc -c -g -O2  conftest.c >&5
configure:6573: $? = 0
configure:6591: result: inline
configure:6610: checking for size_t
configure:6638: gcc -c -g -O2  conftest.c >&5
configure:6645: $? = 0
configure:6672: gcc -c -g -O2  conftest.c >&5
conftest.c: In function 'main':
conftest.c:68: error: expected expression before ')' token
configure:6679: $? = 1
configure: failed program was:
| /* confdefs.h.  */
| #define PACKAGE_NAME "argp"
| #define PACKAGE_TARNAME "argp"
| #define PACKAGE_VERSION "standalone-1.3"
| #define PACKAGE_STRING "argp standalone-1.3"
| #define PACKAGE_BUGREPORT ""
| #define PACKAGE "argp"
| #define VERSION "standalone-1.3"
| #define STDC_HEADERS 1
| #define HAVE_SYS_TYPES_H 1
| #define HAVE_SYS_STAT_H 1
| #define HAVE_STDLIB_H 1
| #define HAVE_STRING_H 1
| #define HAVE_MEMORY_H 1
| #define HAVE_STRINGS_H 1
| #define HAVE_INTTYPES_H 1
| #define HAVE_STDINT_H 1
| #define HAVE_UNISTD_H 1
| #define __EXTENSIONS__ 1
| #define _ALL_SOURCE 1
| #define _GNU_SOURCE 1
| #define _POSIX_PTHREAD_SEMANTICS 1
| #define _TANDEM_SOURCE 1
| #define STDC_HEADERS 1
| #define HAVE_LIBINTL_H 1
| #define HAVE_LIMITS_H 1
| #define HAVE_MALLOC_H 1
| #define HAVE_UNISTD_H 1
| #define HAVE_SYSEXITS_H 1
| #define HAVE_STDARG_H 1
| /* end confdefs.h.  */
| #include <stdio.h>
| #ifdef HAVE_SYS_TYPES_H
| # include <sys/types.h>
| #endif
| #ifdef HAVE_SYS_STAT_H
| # include <sys/stat.h>
| #endif
| #ifdef STDC_HEADERS
| # include <stdlib.h>
| # include <stddef.h>
| #else
| # ifdef HAVE_STDLIB_H
| #  include <stdlib.h>
| # endif
| #endif
| #ifdef HAVE_STRING_H
| # if !defined STDC_HEADERS && defined HAVE_MEMORY_H
| #  include <memory.h>
| # endif
| # include <string.h>
| #endif
| #ifdef HAVE_STRINGS_H
| # include <strings.h>
| #endif
| #ifdef HAVE_INTTYPES_H
| # include <inttypes.h>
| #endif
| #ifdef HAVE_STDINT_H
| # include <stdint.h>
| #endif
| #ifdef HAVE_UNISTD_H
| # include <unistd.h>
| #endif
| int
| main ()
| {
| if (sizeof ((size_t)))
| 	  return 0;
|   ;
|   return 0;
| }
configure:6702: result: yes
configure:6715: checking for __attribute__
configure:6751: gcc -c -g -O2  conftest.c >&5
conftest.c: In function 'main':
conftest.c:39: error: invalid storage class for function 'foo'
conftest.c:43: error: invalid storage class for function 'foo'
configure:6758: $? = 1
configure: failed program was:
| /* confdefs.h.  */
| #define PACKAGE_NAME "argp"
| #define PACKAGE_TARNAME "argp"
| #define PACKAGE_VERSION "standalone-1.3"
| #define PACKAGE_STRING "argp standalone-1.3"
| #define PACKAGE_BUGREPORT ""
| #define PACKAGE "argp"
| #define VERSION "standalone-1.3"
| #define STDC_HEADERS 1
| #define HAVE_SYS_TYPES_H 1
| #define HAVE_SYS_STAT_H 1
| #define HAVE_STDLIB_H 1
| #define HAVE_STRING_H 1
| #define HAVE_MEMORY_H 1
| #define HAVE_STRINGS_H 1
| #define HAVE_INTTYPES_H 1
| #define HAVE_STDINT_H 1
| #define HAVE_UNISTD_H 1
| #define __EXTENSIONS__ 1
| #define _ALL_SOURCE 1
| #define _GNU_SOURCE 1
| #define _POSIX_PTHREAD_SEMANTICS 1
| #define _TANDEM_SOURCE 1
| #define STDC_HEADERS 1
| #define HAVE_LIBINTL_H 1
| #define HAVE_LIMITS_H 1
| #define HAVE_MALLOC_H 1
| #define HAVE_UNISTD_H 1
| #define HAVE_SYSEXITS_H 1
| #define HAVE_STDARG_H 1
| /* end confdefs.h.  */
| 
| #include <stdlib.h>
| 
| int
| main ()
| {
| 
| static void foo(void) __attribute__ ((noreturn));
| 
| static void __attribute__ ((noreturn))
| foo(void)
| {
|   exit(1);
| }
| 
|   ;
|   return 0;
| }
configure:6773: result: no
configure:6791: checking for working alloca.h
configure:6818: gcc -o conftest -g -O2   conftest.c  >&5
configure:6825: $? = 0
configure:6845: result: yes
configure:6855: checking for alloca
configure:6902: gcc -o conftest -g -O2   conftest.c  >&5
configure:6909: $? = 0
configure:6929: result: yes
configure:7170: checking for vprintf
configure:7226: gcc -o conftest -g -O2   conftest.c  >&5
conftest.c:57: warning: conflicting types for built-in function 'vprintf'
configure:7233: $? = 0
configure:7255: result: yes
configure:7264: checking for _doprnt
configure:7320: gcc -o conftest -g -O2   conftest.c  >&5
/tmp/ccODNG7H.o: In function `main':
/var/lib/jenkins/work/releases/3.6.9/glusterfs.git/contrib/argp-standalone/conftest.c:69: undefined reference to `_doprnt'
collect2: ld returned 1 exit status
configure:7327: $? = 1
configure: failed program was:
| /* confdefs.h.  */
| #define PACKAGE_NAME "argp"
| #define PACKAGE_TARNAME "argp"
| #define PACKAGE_VERSION "standalone-1.3"
| #define PACKAGE_STRING "argp standalone-1.3"
| #define PACKAGE_BUGREPORT ""
| #define PACKAGE "argp"
| #define VERSION "standalone-1.3"
| #define STDC_HEADERS 1
| #define HAVE_SYS_TYPES_H 1
| #define HAVE_SYS_STAT_H 1
| #define HAVE_STDLIB_H 1
| #define HAVE_STRING_H 1
| #define HAVE_MEMORY_H 1
| #define HAVE_STRINGS_H 1
| #define HAVE_INTTYPES_H 1
| #define HAVE_STDINT_H 1
| #define HAVE_UNISTD_H 1
| #define __EXTENSIONS__ 1
| #define _ALL_SOURCE 1
| #define _GNU_SOURCE 1
| #define _POSIX_PTHREAD_SEMANTICS 1
| #define _TANDEM_SOURCE 1
| #define STDC_HEADERS 1
| #define HAVE_LIBINTL_H 1
| #define HAVE_LIMITS_H 1
| #define HAVE_MALLOC_H 1
| #define HAVE_UNISTD_H 1
| #define HAVE_SYSEXITS_H 1
| #define HAVE_STDARG_H 1
| #define HAVE_ALLOCA_H 1
| #define HAVE_ALLOCA 1
| #define HAVE_VPRINTF 1
| /* end confdefs.h.  */
| /* Define _doprnt to an innocuous variant, in case <limits.h> declares _doprnt.
|    For example, HP-UX 11i <limits.h> declares gettimeofday.  */
| #define _doprnt innocuous__doprnt
| 
| /* System header to define __stub macros and hopefully few prototypes,
|     which can conflict with char _doprnt (); below.
|     Prefer <limits.h> to <assert.h> if __STDC__ is defined, since
|     <limits.h> exists even on freestanding compilers.  */
| 
| #ifdef __STDC__
| # include <limits.h>
| #else
| # include <assert.h>
| #endif
| 
| #undef _doprnt
| 
| /* Override any GCC internal prototype to avoid an error.
|    Use char because int might match the return type of a GCC
|    builtin and then its argument prototype would still apply.  */
| #ifdef __cplusplus
| extern "C"
| #endif
| char _doprnt ();
| /* The GNU C library defines this for functions which it implements
|     to always fail with ENOSYS.  Some functions are actually named
|     something starting with __ and the normal name is an alias.  */
| #if defined __stub__doprnt || defined __stub____doprnt
| choke me
| #endif
| 
| int
| main ()
| {
| return _doprnt ();
|   ;
|   return 0;
| }
configure:7347: result: no
configure:7368: checking for strerror
configure:7424: gcc -o conftest -g -O2   conftest.c  >&5
configure:7431: $? = 0
configure:7453: result: yes
configure:7368: checking for sleep
configure:7424: gcc -o conftest -g -O2   conftest.c  >&5
configure:7431: $? = 0
configure:7453: result: yes
configure:7368: checking for getpid
configure:7424: gcc -o conftest -g -O2   conftest.c  >&5
configure:7431: $? = 0
configure:7453: result: yes
configure:7368: checking for snprintf
configure:7424: gcc -o conftest -g -O2   conftest.c  >&5
conftest.c:61: warning: conflicting types for built-in function 'snprintf'
configure:7431: $? = 0
configure:7453: result: yes
configure:7474: checking for mempcpy
configure:7530: gcc -o conftest -g -O2   conftest.c  >&5
conftest.c:62: warning: conflicting types for built-in function 'mempcpy'
configure:7537: $? = 0
configure:7559: result: yes
configure:7474: checking for strndup
configure:7530: gcc -o conftest -g -O2   conftest.c  >&5
conftest.c:63: warning: conflicting types for built-in function 'strndup'
configure:7537: $? = 0
configure:7559: result: yes
configure:7474: checking for strchrnul
configure:7530: gcc -o conftest -g -O2   conftest.c  >&5
configure:7537: $? = 0
configure:7559: result: yes
configure:7474: checking for strcasecmp
configure:7530: gcc -o conftest -g -O2   conftest.c  >&5
conftest.c:65: warning: conflicting types for built-in function 'strcasecmp'
configure:7537: $? = 0
configure:7559: result: yes
configure:7474: checking for vsnprintf
configure:7530: gcc -o conftest -g -O2   conftest.c  >&5
conftest.c:66: warning: conflicting types for built-in function 'vsnprintf'
configure:7537: $? = 0
configure:7559: result: yes
configure:7588: checking for putc_unlocked('x', stdout)
configure:7614: gcc -o conftest -g -O2   conftest.c  >&5
configure:7621: $? = 0
configure:7641: result: yes
configure:7659: checking for flockfile
configure:7715: gcc -o conftest -g -O2   conftest.c  >&5
configure:7722: $? = 0
configure:7744: result: yes
configure:7761: checking for fputs_unlocked
configure:7817: gcc -o conftest -g -O2   conftest.c  >&5
conftest.c:69: warning: conflicting types for built-in function 'fputs_unlocked'
configure:7824: $? = 0
configure:7846: result: yes
configure:7761: checking for fwrite_unlocked
configure:7817: gcc -o conftest -g -O2   conftest.c  >&5
conftest.c:70: warning: conflicting types for built-in function 'fwrite_unlocked'
configure:7824: $? = 0
configure:7846: result: yes
configure:7865: checking for strdup
configure:7921: gcc -o conftest -g -O2   conftest.c  >&5
conftest.c:71: warning: conflicting types for built-in function 'strdup'
configure:7928: $? = 0
configure:7950: result: yes
configure:7865: checking for asprintf
configure:7921: gcc -o conftest -g -O2   conftest.c  >&5
configure:7928: $? = 0
configure:7950: result: yes
configure:7963: checking whether program_invocation_name is declared
configure:7993: gcc -c -g -O2  conftest.c >&5
configure:8000: $? = 0
configure:8015: result: yes
configure:8031: checking whether program_invocation_short_name is declared
configure:8061: gcc -c -g -O2  conftest.c >&5
configure:8068: $? = 0
configure:8083: result: yes
configure:8260: creating ./config.status

## ---------------------- ##
## Running config.status. ##
## ---------------------- ##

This file was extended by argp config.status standalone-1.3, which was
generated by GNU Autoconf 2.63.  Invocation command line was

  CONFIG_FILES    = 
  CONFIG_HEADERS  = 
  CONFIG_LINKS    = 
  CONFIG_COMMANDS = 
  $ ./config.status 

on build.gluster.org

config.status:808: creating Makefile
config.status:808: creating config.h
config.status:1082: executing depfiles commands

## ---------------- ##
## Cache variables. ##
## ---------------- ##

ac_cv_c_compiler_gnu=yes
ac_cv_c_const=yes
ac_cv_c_inline=inline
ac_cv_env_CC_set=
ac_cv_env_CC_value=
ac_cv_env_CFLAGS_set=
ac_cv_env_CFLAGS_value=
ac_cv_env_CPPFLAGS_set=
ac_cv_env_CPPFLAGS_value=
ac_cv_env_CPP_set=
ac_cv_env_CPP_value=
ac_cv_env_LDFLAGS_set=
ac_cv_env_LDFLAGS_value=
ac_cv_env_LIBS_set=
ac_cv_env_LIBS_value=
ac_cv_env_build_alias_set=
ac_cv_env_build_alias_value=
ac_cv_env_host_alias_set=
ac_cv_env_host_alias_value=
ac_cv_env_target_alias_set=
ac_cv_env_target_alias_value=
ac_cv_func__doprnt=no
ac_cv_func_alloca_works=yes
ac_cv_func_asprintf=yes
ac_cv_func_call_putc_unlocked=yes
ac_cv_func_flockfile=yes
ac_cv_func_fputs_unlocked=yes
ac_cv_func_fwrite_unlocked=yes
ac_cv_func_getpid=yes
ac_cv_func_mempcpy=yes
ac_cv_func_sleep=yes
ac_cv_func_snprintf=yes
ac_cv_func_strcasecmp=yes
ac_cv_func_strchrnul=yes
ac_cv_func_strdup=yes
ac_cv_func_strerror=yes
ac_cv_func_strndup=yes
ac_cv_func_vprintf=yes
ac_cv_func_vsnprintf=yes
ac_cv_have_decl_program_invocation_name=yes
ac_cv_have_decl_program_invocation_short_name=yes
ac_cv_header_inttypes_h=yes
ac_cv_header_libintl_h=yes
ac_cv_header_limits_h=yes
ac_cv_header_malloc_h=yes
ac_cv_header_memory_h=yes
ac_cv_header_minix_config_h=no
ac_cv_header_stdarg_h=yes
ac_cv_header_stdc=yes
ac_cv_header_stdint_h=yes
ac_cv_header_stdlib_h=yes
ac_cv_header_string_h=yes
ac_cv_header_strings_h=yes
ac_cv_header_sys_stat_h=yes
ac_cv_header_sys_types_h=yes
ac_cv_header_sysexits_h=yes
ac_cv_header_unistd_h=yes
ac_cv_objext=o
ac_cv_path_EGREP='/bin/grep -E'
ac_cv_path_GREP=/bin/grep
ac_cv_path_install='/usr/bin/install -c'
ac_cv_path_mkdir=/bin/mkdir
ac_cv_prog_AWK=gawk
ac_cv_prog_CPP='gcc -E'
ac_cv_prog_ac_ct_CC=gcc
ac_cv_prog_ac_ct_RANLIB=ranlib
ac_cv_prog_cc_c89=
ac_cv_prog_cc_g=yes
ac_cv_prog_make_make_set=yes
ac_cv_safe_to_define___extensions__=yes
ac_cv_type_size_t=yes
ac_cv_working_alloca_h=yes
am_cv_CC_dependencies_compiler_type=gcc3
lsh_cv_c_attribute=no

## ----------------- ##
## Output variables. ##
## ----------------- ##

ACLOCAL='${SHELL} /var/lib/jenkins/work/releases/3.6.9/glusterfs.git/contrib/argp-standalone/missing --run aclocal-1.11'
ALLOCA=''
AMDEPBACKSLASH='\'
AMDEP_FALSE='#'
AMDEP_TRUE=''
AMTAR='${SHELL} /var/lib/jenkins/work/releases/3.6.9/glusterfs.git/contrib/argp-standalone/missing --run tar'
AM_BACKSLASH='\'
AM_DEFAULT_VERBOSITY='0'
AUTOCONF='${SHELL} /var/lib/jenkins/work/releases/3.6.9/glusterfs.git/contrib/argp-standalone/missing --run autoconf'
AUTOHEADER='${SHELL} /var/lib/jenkins/work/releases/3.6.9/glusterfs.git/contrib/argp-standalone/missing --run autoheader'
AUTOMAKE='${SHELL} /var/lib/jenkins/work/releases/3.6.9/glusterfs.git/contrib/argp-standalone/missing --run automake-1.11'
AWK='gawk'
CC='gcc'
CCDEPMODE='depmode=gcc3'
CFLAGS='-g -O2 -ggdb3 -Wall -W  -Wmissing-prototypes -Wmissing-declarations -Wstrict-prototypes  -Waggregate-return  -Wpointer-arith -Wbad-function-cast -Wnested-externs -std=gnu89 -static'
CPP='gcc -E'
CPPFLAGS=' -I.'
CYGPATH_W='echo'
DEFS='-DHAVE_CONFIG_H'
DEPDIR='.deps'
ECHO_C=''
ECHO_N='-n'
ECHO_T=''
EGREP='/bin/grep -E'
EXEEXT=''
GREP='/bin/grep'
INSTALL_DATA='${INSTALL} -m 644'
INSTALL_PROGRAM='${INSTALL}'
INSTALL_SCRIPT='${INSTALL}'
INSTALL_STRIP_PROGRAM='$(install_sh) -c -s'
LDFLAGS=''
LIBOBJS=''
LIBS=''
LTLIBOBJS=''
MAKEINFO='${SHELL} /var/lib/jenkins/work/releases/3.6.9/glusterfs.git/contrib/argp-standalone/missing --run makeinfo'
MKDIR_P='/bin/mkdir -p'
OBJEXT='o'
PACKAGE='argp'
PACKAGE_BUGREPORT=''
PACKAGE_NAME='argp'
PACKAGE_STRING='argp standalone-1.3'
PACKAGE_TARNAME='argp'
PACKAGE_VERSION='standalone-1.3'
PATH_SEPARATOR=':'
RANLIB='ranlib'
SET_MAKE=''
SHELL='/bin/sh'
STRIP=''
VERSION='standalone-1.3'
ac_ct_CC='gcc'
am__EXEEXT_FALSE=''
am__EXEEXT_TRUE='#'
am__fastdepCC_FALSE='#'
am__fastdepCC_TRUE=''
am__include='include'
am__isrc=''
am__leading_dot='.'
am__quote=''
am__tar='${AMTAR} chof - "$$tardir"'
am__untar='${AMTAR} xf -'
bindir='${exec_prefix}/bin'
build_alias=''
datadir='${datarootdir}'
datarootdir='${prefix}/share'
docdir='${datarootdir}/doc/${PACKAGE_TARNAME}'
dvidir='${docdir}'
exec_prefix='${prefix}'
host_alias=''
htmldir='${docdir}'
includedir='${prefix}/include'
infodir='${datarootdir}/info'
install_sh='${SHELL} /var/lib/jenkins/work/releases/3.6.9/glusterfs.git/contrib/argp-standalone/install-sh'
libdir='${exec_prefix}/lib'
libexecdir='${exec_prefix}/libexec'
localedir='${datarootdir}/locale'
localstatedir='${prefix}/var'
mandir='${datarootdir}/man'
mkdir_p='/bin/mkdir -p'
oldincludedir='/usr/include'
pdfdir='${docdir}'
prefix='/usr/local'
program_transform_name='s,x,x,'
psdir='${docdir}'
sbindir='${exec_prefix}/sbin'
sharedstatedir='${prefix}/com'
sysconfdir='${prefix}/etc'
target_alias=''

## ----------- ##
## confdefs.h. ##
## ----------- ##

#define PACKAGE_NAME "argp"
#define PACKAGE_TARNAME "argp"
#define PACKAGE_VERSION "standalone-1.3"
#define PACKAGE_STRING "argp standalone-1.3"
#define PACKAGE_BUGREPORT ""
#define PACKAGE "argp"
#define VERSION "standalone-1.3"
#define STDC_HEADERS 1
#define HAVE_SYS_TYPES_H 1
#define HAVE_SYS_STAT_H 1
#define HAVE_STDLIB_H 1
#define HAVE_STRING_H 1
#define HAVE_MEMORY_H 1
#define HAVE_STRINGS_H 1
#define HAVE_INTTYPES_H 1
#define HAVE_STDINT_H 1
#define HAVE_UNISTD_H 1
#define __EXTENSIONS__ 1
#define _ALL_SOURCE 1
#define _GNU_SOURCE 1
#define _POSIX_PTHREAD_SEMANTICS 1
#define _TANDEM_SOURCE 1
#define STDC_HEADERS 1
#define HAVE_LIBINTL_H 1
#define HAVE_LIMITS_H 1
#define HAVE_MALLOC_H 1
#define HAVE_UNISTD_H 1
#define HAVE_SYSEXITS_H 1
#define HAVE_STDARG_H 1
#define HAVE_ALLOCA_H 1
#define HAVE_ALLOCA 1
#define HAVE_VPRINTF 1
#define HAVE_STRERROR 1
#define HAVE_SLEEP 1
#define HAVE_GETPID 1
#define HAVE_SNPRINTF 1
#define HAVE_MEMPCPY 1
#define HAVE_STRNDUP 1
#define HAVE_STRCHRNUL 1
#define HAVE_STRCASECMP 1
#define HAVE_VSNPRINTF 1
#define HAVE_PUTC_UNLOCKED 1
#define HAVE_FLOCKFILE 1
#define HAVE_FPUTS_UNLOCKED 1
#define HAVE_FWRITE_UNLOCKED 1
#define HAVE_STRDUP 1
#define HAVE_ASPRINTF 1
#define HAVE_DECL_PROGRAM_INVOCATION_NAME 1
#define HAVE_DECL_PROGRAM_INVOCATION_SHORT_NAME 1

configure: exit 0
